2024-10-07 18:05:54.4617|WARN|Microsoft.AspNetCore.StaticFiles.StaticFileMiddleware|The WebRootPath was not found: D:\Csharp\OrtProgram\OrtProgram.Server\wwwroot. Static files may be unavailable. 
2024-10-07 18:05:54.6479|WARN|Microsoft.AspNetCore.StaticFiles.StaticFileMiddleware|The WebRootPath was not found: D:\Csharp\OrtProgram\OrtProgram.Server\wwwroot. Static files may be unavailable. 
2024-10-07 18:05:54.6641|INFO|Microsoft.Hosting.Lifetime|Application started. Press Ctrl+C to shut down. 
2024-10-07 18:05:54.6641|INFO|Microsoft.Hosting.Lifetime|Hosting environment: Development 
2024-10-07 18:05:54.6641|INFO|Microsoft.Hosting.Lifetime|Content root path: D:\Csharp\OrtProgram\OrtProgram.Server 
2024-10-07 18:05:54.7212|INFO|Microsoft.AspNetCore.Hosting.Diagnostics|Request starting HTTP/2 GET https://localhost:44340/swagger/index.html - - - 
2024-10-07 18:05:55.0711|INFO|Microsoft.AspNetCore.Hosting.Diagnostics|Request finished HTTP/2 GET https://localhost:44340/swagger/index.html - 200 - text/html;charset=utf-8 350.8361ms 
2024-10-07 18:05:55.3169|INFO|Microsoft.AspNetCore.Hosting.Diagnostics|Request starting HTTP/2 GET https://localhost:44340/swagger/v1/swagger.json - - - 
2024-10-07 18:05:55.5224|INFO|Microsoft.AspNetCore.Hosting.Diagnostics|Request finished HTTP/2 GET https://localhost:44340/swagger/v1/swagger.json - 200 - application/json;charset=utf-8 205.3885ms 
2024-10-07 18:07:39.6640|INFO|Microsoft.Hosting.Lifetime|Application is shutting down... 
2024-10-07 18:07:52.4687|WARN|Microsoft.AspNetCore.StaticFiles.StaticFileMiddleware|The WebRootPath was not found: D:\Csharp\OrtProgram\OrtProgram.Server\wwwroot. Static files may be unavailable. 
2024-10-07 18:07:52.8056|WARN|Microsoft.AspNetCore.StaticFiles.StaticFileMiddleware|The WebRootPath was not found: D:\Csharp\OrtProgram\OrtProgram.Server\wwwroot. Static files may be unavailable. 
2024-10-07 18:07:52.8680|INFO|Microsoft.Hosting.Lifetime|Application started. Press Ctrl+C to shut down. 
2024-10-07 18:07:52.8680|INFO|Microsoft.Hosting.Lifetime|Hosting environment: Development 
2024-10-07 18:07:52.8680|INFO|Microsoft.Hosting.Lifetime|Content root path: D:\Csharp\OrtProgram\OrtProgram.Server 
2024-10-07 18:07:52.9205|INFO|Microsoft.AspNetCore.Hosting.Diagnostics|Request starting HTTP/2 GET https://localhost:44340/swagger/index.html - - - 
2024-10-07 18:07:53.5085|INFO|Microsoft.AspNetCore.Hosting.Diagnostics|Request finished HTTP/2 GET https://localhost:44340/swagger/index.html - 200 - text/html;charset=utf-8 589.2215ms 
2024-10-07 18:07:53.8382|INFO|Microsoft.AspNetCore.Hosting.Diagnostics|Request starting HTTP/2 GET https://localhost:44340/swagger/v1/swagger.json - - - 
2024-10-07 18:07:54.0184|INFO|Microsoft.AspNetCore.Hosting.Diagnostics|Request finished HTTP/2 GET https://localhost:44340/swagger/v1/swagger.json - 200 - application/json;charset=utf-8 180.1826ms 
2024-10-07 18:08:00.6636|INFO|Microsoft.AspNetCore.Hosting.Diagnostics|Request starting HTTP/2 GET https://localhost:44340/ort/tests/getall - - - 
2024-10-07 18:08:00.6817|INFO|Microsoft.AspNetCore.Routing.EndpointMiddleware|Executing endpoint 'OrtProgram.Server.Controllers.TestController.GetAllTestsInfo (OrtProgram.Server)' 
2024-10-07 18:08:00.8048|INFO|Microsoft.AspNetCore.Mvc.Infrastructure.ControllerActionInvoker|Route matched with {action = "GetAllTestsInfo", controller = "Test"}. Executing controller action with signature System.Threading.Tasks.Task`1[Microsoft.AspNetCore.Mvc.IActionResult] GetAllTestsInfo() on controller OrtProgram.Server.Controllers.TestController (OrtProgram.Server). 
2024-10-07 18:08:01.4416|INFO|Microsoft.AspNetCore.Mvc.Infrastructure.ControllerActionInvoker|Executed action OrtProgram.Server.Controllers.TestController.GetAllTestsInfo (OrtProgram.Server) in 621.215ms 
2024-10-07 18:08:01.4416|INFO|Microsoft.AspNetCore.Routing.EndpointMiddleware|Executed endpoint 'OrtProgram.Server.Controllers.TestController.GetAllTestsInfo (OrtProgram.Server)' 
2024-10-07 18:08:01.4507|ERROR|Microsoft.AspNetCore.Diagnostics.DeveloperExceptionPageMiddleware|An unhandled exception has occurred while executing the request. System.InvalidOperationException: Unable to resolve service for type 'Microsoft.Extensions.Logging.ILogger' while attempting to activate 'OrtProgram.Server.Controllers.TestController'.
   at Microsoft.Extensions.DependencyInjection.ActivatorUtilities.ThrowHelperUnableToResolveService(Type type, Type requiredBy)
   at lambda_method9(Closure, IServiceProvider, Object[])
   at Microsoft.AspNetCore.Mvc.Controllers.ControllerFactoryProvider.<>c__DisplayClass6_0.<CreateControllerFactory>g__CreateController|0(ControllerContext controllerContext)
   at Microsoft.AspNetCore.Mvc.Infrastructure.ControllerActionInvoker.Next(State& next, Scope& scope, Object& state, Boolean& isCompleted)
   at Microsoft.AspNetCore.Mvc.Infrastructure.ControllerActionInvoker.InvokeInnerFilterAsync()
--- End of stack trace from previous location ---
   at Microsoft.AspNetCore.Mvc.Infrastructure.ResourceInvoker.<InvokeFilterPipelineAsync>g__Awaited|20_0(ResourceInvoker invoker, Task lastTask, State next, Scope scope, Object state, Boolean isCompleted)
   at Microsoft.AspNetCore.Mvc.Infrastructure.ResourceInvoker.<InvokeAsync>g__Logged|17_1(ResourceInvoker invoker)
   at Microsoft.AspNetCore.Mvc.Infrastructure.ResourceInvoker.<InvokeAsync>g__Logged|17_1(ResourceInvoker invoker)
   at Microsoft.AspNetCore.Routing.EndpointMiddleware.<Invoke>g__AwaitRequestTask|7_0(Endpoint endpoint, Task requestTask, ILogger logger)
   at Microsoft.AspNetCore.Authorization.AuthorizationMiddleware.Invoke(HttpContext context)
   at Swashbuckle.AspNetCore.SwaggerUI.SwaggerUIMiddleware.Invoke(HttpContext httpContext)
   at Swashbuckle.AspNetCore.Swagger.SwaggerMiddleware.Invoke(HttpContext httpContext, ISwaggerProvider swaggerProvider)
   at Microsoft.AspNetCore.Authentication.AuthenticationMiddleware.Invoke(HttpContext context)
   at Microsoft.AspNetCore.Diagnostics.DeveloperExceptionPageMiddlewareImpl.Invoke(HttpContext context)    at Microsoft.Extensions.DependencyInjection.ActivatorUtilities.ThrowHelperUnableToResolveService(Type type, Type requiredBy)
   at lambda_method9(Closure, IServiceProvider, Object[])
   at Microsoft.AspNetCore.Mvc.Controllers.ControllerFactoryProvider.<>c__DisplayClass6_0.<CreateControllerFactory>g__CreateController|0(ControllerContext controllerContext)
   at Microsoft.AspNetCore.Mvc.Infrastructure.ControllerActionInvoker.Next(State& next, Scope& scope, Object& state, Boolean& isCompleted)
   at Microsoft.AspNetCore.Mvc.Infrastructure.ControllerActionInvoker.InvokeInnerFilterAsync()
--- End of stack trace from previous location ---
   at Microsoft.AspNetCore.Mvc.Infrastructure.ResourceInvoker.<InvokeFilterPipelineAsync>g__Awaited|20_0(ResourceInvoker invoker, Task lastTask, State next, Scope scope, Object state, Boolean isCompleted)
   at Microsoft.AspNetCore.Mvc.Infrastructure.ResourceInvoker.<InvokeAsync>g__Logged|17_1(ResourceInvoker invoker)
   at Microsoft.AspNetCore.Mvc.Infrastructure.ResourceInvoker.<InvokeAsync>g__Logged|17_1(ResourceInvoker invoker)
   at Microsoft.AspNetCore.Routing.EndpointMiddleware.<Invoke>g__AwaitRequestTask|7_0(Endpoint endpoint, Task requestTask, ILogger logger)
   at Microsoft.AspNetCore.Authorization.AuthorizationMiddleware.Invoke(HttpContext context)
   at Swashbuckle.AspNetCore.SwaggerUI.SwaggerUIMiddleware.Invoke(HttpContext httpContext)
   at Swashbuckle.AspNetCore.Swagger.SwaggerMiddleware.Invoke(HttpContext httpContext, ISwaggerProvider swaggerProvider)
   at Microsoft.AspNetCore.Authentication.AuthenticationMiddleware.Invoke(HttpContext context)
   at Microsoft.AspNetCore.Diagnostics.DeveloperExceptionPageMiddlewareImpl.Invoke(HttpContext context)
2024-10-07 18:08:01.5185|INFO|Microsoft.AspNetCore.Hosting.Diagnostics|Request finished HTTP/2 GET https://localhost:44340/ort/tests/getall - 500 - text/plain;+charset=utf-8 854.6875ms 
2024-10-07 18:09:33.8590|INFO|Microsoft.Hosting.Lifetime|Application is shutting down... 
2024-10-07 18:09:45.6039|WARN|Microsoft.AspNetCore.StaticFiles.StaticFileMiddleware|The WebRootPath was not found: D:\Csharp\OrtProgram\OrtProgram.Server\wwwroot. Static files may be unavailable. 
2024-10-07 18:09:45.9415|WARN|Microsoft.AspNetCore.StaticFiles.StaticFileMiddleware|The WebRootPath was not found: D:\Csharp\OrtProgram\OrtProgram.Server\wwwroot. Static files may be unavailable. 
2024-10-07 18:09:46.0130|INFO|Microsoft.Hosting.Lifetime|Application started. Press Ctrl+C to shut down. 
2024-10-07 18:09:46.0410|INFO|Microsoft.Hosting.Lifetime|Hosting environment: Development 
2024-10-07 18:09:46.0410|INFO|Microsoft.Hosting.Lifetime|Content root path: D:\Csharp\OrtProgram\OrtProgram.Server 
2024-10-07 18:09:46.0675|INFO|Microsoft.AspNetCore.Hosting.Diagnostics|Request starting HTTP/2 GET https://localhost:44340/swagger/index.html - - - 
2024-10-07 18:09:46.4442|INFO|Microsoft.AspNetCore.Hosting.Diagnostics|Request finished HTTP/2 GET https://localhost:44340/swagger/index.html - 200 - text/html;charset=utf-8 378.4527ms 
2024-10-07 18:09:46.7942|INFO|Microsoft.AspNetCore.Hosting.Diagnostics|Request starting HTTP/2 GET https://localhost:44340/swagger/v1/swagger.json - - - 
2024-10-07 18:09:47.0319|INFO|Microsoft.AspNetCore.Hosting.Diagnostics|Request finished HTTP/2 GET https://localhost:44340/swagger/v1/swagger.json - 200 - application/json;charset=utf-8 237.3964ms 
2024-10-07 18:09:52.2806|INFO|Microsoft.AspNetCore.Hosting.Diagnostics|Request starting HTTP/2 GET https://localhost:44340/ort/tests/getall - - - 
2024-10-07 18:09:52.2806|INFO|Microsoft.AspNetCore.Routing.EndpointMiddleware|Executing endpoint 'OrtProgram.Server.Controllers.TestController.GetAllTestsInfo (OrtProgram.Server)' 
2024-10-07 18:09:52.3211|INFO|Microsoft.AspNetCore.Mvc.Infrastructure.ControllerActionInvoker|Route matched with {action = "GetAllTestsInfo", controller = "Test"}. Executing controller action with signature System.Threading.Tasks.Task`1[Microsoft.AspNetCore.Mvc.IActionResult] GetAllTestsInfo() on controller OrtProgram.Server.Controllers.TestController (OrtProgram.Server). 
2024-10-07 18:09:52.6303|INFO|Microsoft.AspNetCore.Mvc.Infrastructure.ControllerActionInvoker|Executing action method OrtProgram.Server.Controllers.TestController.GetAllTestsInfo (OrtProgram.Server) - Validation state: Valid 
2024-10-07 18:09:52.6303|INFO|OrtProgram.Server.Controllers.TestController|Get all test data 
2024-10-07 18:09:55.8989|INFO|Microsoft.EntityFrameworkCore.Database.Command|Executed DbCommand (126ms) [Parameters=[], CommandType='Text', CommandTimeout='30']
SELECT [t].[Id], [t].[Description], [t].[TestType]
FROM [Tests] AS [t] 
2024-10-07 18:09:56.1736|INFO|Microsoft.AspNetCore.Mvc.Infrastructure.ControllerActionInvoker|Executed action method OrtProgram.Server.Controllers.TestController.GetAllTestsInfo (OrtProgram.Server), returned result Microsoft.AspNetCore.Mvc.OkObjectResult in 3523.3677ms. 
2024-10-07 18:09:56.2000|INFO|Microsoft.AspNetCore.Mvc.Infrastructure.ObjectResultExecutor|Executing OkObjectResult, writing value of type 'System.Collections.Generic.List`1[[OrtProgram.Server.Entities.Test, OrtProgram.Server, Version=1.0.0.0, Culture=neutral, PublicKeyToken=null]]'. 
2024-10-07 18:09:56.2387|INFO|Microsoft.AspNetCore.Mvc.Infrastructure.ControllerActionInvoker|Executed action OrtProgram.Server.Controllers.TestController.GetAllTestsInfo (OrtProgram.Server) in 3902.9298ms 
2024-10-07 18:09:56.2387|INFO|Microsoft.AspNetCore.Routing.EndpointMiddleware|Executed endpoint 'OrtProgram.Server.Controllers.TestController.GetAllTestsInfo (OrtProgram.Server)' 
2024-10-07 18:09:56.2861|INFO|Microsoft.AspNetCore.Hosting.Diagnostics|Request finished HTTP/2 GET https://localhost:44340/ort/tests/getall - 200 - application/json;+charset=utf-8 4005.4537ms 
2024-10-07 18:11:05.4109|INFO|Microsoft.Hosting.Lifetime|Application is shutting down... 
